<?xml version="1.0" encoding="UTF-8"?>
<!-- Generated by org.testng.reporters.JUnitReportReporter -->
<testsuite hostname="DESKTOP-E705CLC" failures="0" tests="2" name="cucumberOptions.TestNGRunner" time="58.021" errors="0" timestamp="2024-01-26T09:57:11 IST" skipped="0">
  <testcase classname="cucumberOptions.TestNGRunner" name="runScenario" time="29.020"/>
  <testcase classname="cucumberOptions.TestNGRunner" name="runScenario" time="29.001"/>
</testsuite> <!-- cucumberOptions.TestNGRunner -->
